smash> smash> smash> smash> smash> smash> smash> smash> [1] sleep 100& : 5481 1 secs
[2] sleep 200& : 5482 1 secs
[3] sleep 300& : 5483 1 secs
[4] sleep 400& : 5484 1 secs
[5] sleep 20& : 5485 1 secs
[6] sleep 600& : 5486 1 secs
[7] sleep 700& : 5487 1 secs
smash> smash> smash> [1] sleep 100& : 5481 1 secs
[2] sleep 200& : 5482 1 secs
[3] sleep 300& : 5483 1 secs
[4] sleep 400& : 5484 1 secs
[5] sleep 20& : 5485 1 secs
[6] sleep 600& : 5486 1 secs
[7] sleep 700& : 5487 1 secs
[8] sleep 800& : 5488 0 secs
[9] sleep 900& : 5489 0 secs
smash> signal number 9 was sent to pid 5483
smash> [1] sleep 100& : 5481 1 secs
[2] sleep 200& : 5482 1 secs
[3] sleep 400& : 5484 1 secs
[4] sleep 20& : 5485 1 secs
[5] sleep 600& : 5486 1 secs
[6] sleep 700& : 5487 1 secs
[7] sleep 800& : 5488 0 secs
[8] sleep 900& : 5489 0 secs
smash> smash> [1] sleep 100& : 5481 1 secs
[2] sleep 200& : 5482 1 secs
[3] sleep 400& : 5484 1 secs
[4] sleep 20& : 5485 1 secs
[5] sleep 600& : 5486 1 secs
[6] sleep 700& : 5487 1 secs
[7] sleep 800& : 5488 0 secs
[8] sleep 900& : 5489 0 secs
[9] sleep 1000& : 5490 0 secs
smash> smash error: kill: job-id 10 does not exist
smash> [1] sleep 100& : 5481 1 secs
[2] sleep 200& : 5482 1 secs
[3] sleep 400& : 5484 1 secs
[4] sleep 20& : 5485 1 secs
[5] sleep 600& : 5486 1 secs
[6] sleep 700& : 5487 1 secs
[7] sleep 800& : 5488 0 secs
[8] sleep 900& : 5489 0 secs
[9] sleep 1000& : 5490 0 secs
smash> smash> [1] sleep 100& : 5481 2 secs
[2] sleep 200& : 5482 2 secs
[3] sleep 400& : 5484 2 secs
[4] sleep 20& : 5485 2 secs
[5] sleep 600& : 5486 2 secs
[6] sleep 700& : 5487 2 secs
[7] sleep 800& : 5488 1 secs
[8] sleep 900& : 5489 1 secs
[9] sleep 1000& : 5490 1 secs
[10] sleep 1001& : 5491 0 secs
smash> sleep 1001& : 5491
smash: got ctrl-Z
smash: process 5491 was stopped
smash> [1] sleep 100& : 5481 2 secs
[2] sleep 200& : 5482 2 secs
[3] sleep 400& : 5484 2 secs
[4] sleep 20& : 5485 2 secs
[5] sleep 600& : 5486 2 secs
[6] sleep 700& : 5487 2 secs
[7] sleep 800& : 5488 1 secs
[8] sleep 900& : 5489 1 secs
[9] sleep 1000& : 5490 1 secs
[10] sleep 1001& : 5491 0 secs (stopped)
smash> sleep 1001& : 5491
smash: got ctrl-Z
smash: process 5491 was stopped
smash> [1] sleep 100& : 5481 2 secs
[2] sleep 200& : 5482 2 secs
[3] sleep 400& : 5484 2 secs
[4] sleep 20& : 5485 2 secs
[5] sleep 600& : 5486 2 secs
[6] sleep 700& : 5487 2 secs
[7] sleep 800& : 5488 1 secs
[8] sleep 900& : 5489 1 secs
[9] sleep 1000& : 5490 1 secs
[10] sleep 1001& : 5491 0 secs (stopped)
smash> sleep 1001& : 5491
smash: got ctrl-Z
smash: process 5491 was stopped
smash> [1] sleep 100& : 5481 3 secs
[2] sleep 200& : 5482 3 secs
[3] sleep 400& : 5484 3 secs
[4] sleep 20& : 5485 3 secs
[5] sleep 600& : 5486 3 secs
[6] sleep 700& : 5487 3 secs
[7] sleep 800& : 5488 2 secs
[8] sleep 900& : 5489 2 secs
[9] sleep 1000& : 5490 2 secs
[10] sleep 1001& : 5491 1 secs (stopped)
smash> sleep 1001& : 5491
smash: got ctrl-Z
smash: process 5491 was stopped
smash> [1] sleep 100& : 5481 3 secs
[2] sleep 200& : 5482 3 secs
[3] sleep 400& : 5484 3 secs
[4] sleep 20& : 5485 3 secs
[5] sleep 600& : 5486 3 secs
[6] sleep 700& : 5487 3 secs
[7] sleep 800& : 5488 2 secs
[8] sleep 900& : 5489 2 secs
[9] sleep 1000& : 5490 2 secs
[10] sleep 1001& : 5491 1 secs (stopped)
smash> smash: got ctrl-C
[1] sleep 100& : 5481 3 secs
[2] sleep 200& : 5482 3 secs
[3] sleep 400& : 5484 3 secs
[4] sleep 20& : 5485 3 secs
[5] sleep 600& : 5486 3 secs
[6] sleep 700& : 5487 3 secs
[7] sleep 800& : 5488 2 secs
[8] sleep 900& : 5489 2 secs
[9] sleep 1000& : 5490 2 secs
[10] sleep 1001& : 5491 1 secs (stopped)
smash> smash: got ctrl-Z
smash: process 5492 was stopped
smash> [1] sleep 100& : 5481 7 secs
[2] sleep 200& : 5482 7 secs
[3] sleep 400& : 5484 7 secs
[4] sleep 20& : 5485 7 secs
[5] sleep 600& : 5486 7 secs
[6] sleep 700& : 5487 7 secs
[7] sleep 800& : 5488 6 secs
[8] sleep 900& : 5489 6 secs
[9] sleep 1000& : 5490 6 secs
[10] sleep 1001& : 5491 5 secs (stopped)
[11] sleep 1002 : 5492 4 secs (stopped)
smash> terminate called after throwing an instance of 'std::logic_error'
  what():  basic_string::_M_construct null not valid
